2D Mobile/Library/Bee/Android/Prj/IL2CPP/Gradle/unityLibrary/build/intermediates/manifest_merge_blame_file/release/manifest-merger-blame-release-report.txt
1<?xml version="1.0" encoding="utf-8"?>
2<manifest xmlns:android="http://schemas.android.com/apk/res/android"
3    xmlns:tools="http://schemas.android.com/tools"
4    package="com.unity3d.player"
5    android:versionCode="1"
6    android:versionName="1.0" >
7
8    <uses-sdk
9        android:minSdkVersion="22"
9-->src\main\AndroidManifest.xml
10        android:targetSdkVersion="30" />
10-->src\main\AndroidManifest.xml
11
12    <uses-feature android:glEsVersion="0x00030000" />
12-->src\main\AndroidManifest.xml:18:3-52
12-->src\main\AndroidManifest.xml:18:17-49
13    <uses-feature
13-->src\main\AndroidManifest.xml:19:3-91
14        android:name="android.hardware.vulkan.version"
14-->src\main\AndroidManifest.xml:19:17-63
15        android:required="false" />
15-->src\main\AndroidManifest.xml:19:64-88
16    <uses-feature
16-->src\main\AndroidManifest.xml:20:3-88
17        android:name="android.hardware.touchscreen"
17-->src\main\AndroidManifest.xml:20:17-60
18        android:required="false" />
18-->src\main\AndroidManifest.xml:20:61-85
19
20    <application android:extractNativeLibs="true" >
20-->src\main\AndroidManifest.xml:3:3-17:17
20-->src\main\AndroidManifest.xml:3:16-48
21        <activity
21-->src\main\AndroidManifest.xml:4:5-11:16
22            android:name="com.unity3d.player.UnityPlayerActivity"
22-->src\main\AndroidManifest.xml:4:15-68
23            android:configChanges="mcc|mnc|locale|touchscreen|keyboard|keyboardHidden|navigation|orientation|screenLayout|uiMode|screenSize|smallestScreenSize|fontScale|layoutDirection|density"
23-->src\main\AndroidManifest.xml:4:180-361
24            android:hardwareAccelerated="false"
24-->src\main\AndroidManifest.xml:4:397-432
25            android:launchMode="singleTask"
25-->src\main\AndroidManifest.xml:4:148-179
26            android:resizeableActivity="false"
26-->src\main\AndroidManifest.xml:4:362-396
27            android:screenOrientation="fullUser"
27-->src\main\AndroidManifest.xml:4:111-147
28            android:theme="@style/UnityThemeSelector" >
28-->src\main\AndroidManifest.xml:4:69-110
29            <intent-filter>
29-->src\main\AndroidManifest.xml:5:7-8:23
30                <action android:name="android.intent.action.MAIN" />
30-->src\main\AndroidManifest.xml:6:9-61
30-->src\main\AndroidManifest.xml:6:17-58
31
32                <category android:name="android.intent.category.LAUNCHER" />
32-->src\main\AndroidManifest.xml:7:9-69
32-->src\main\AndroidManifest.xml:7:19-66
33            </intent-filter>
34
35            <meta-data
35-->src\main\AndroidManifest.xml:9:7-82
36                android:name="unityplayer.UnityActivity"
36-->src\main\AndroidManifest.xml:9:18-58
37                android:value="true" />
37-->src\main\AndroidManifest.xml:9:59-79
38            <meta-data
38-->src\main\AndroidManifest.xml:10:7-78
39                android:name="android.notch_support"
39-->src\main\AndroidManifest.xml:10:18-54
40                android:value="true" />
40-->src\main\AndroidManifest.xml:10:55-75
41        </activity>
42
43        <meta-data
43-->src\main\AndroidManifest.xml:12:5-69
44            android:name="unity.splash-mode"
44-->src\main\AndroidManifest.xml:12:16-48
45            android:value="0" />
45-->src\main\AndroidManifest.xml:12:49-66
46        <meta-data
46-->src\main\AndroidManifest.xml:13:5-74
47            android:name="unity.splash-enable"
47-->src\main\AndroidManifest.xml:13:16-50
48            android:value="True" />
48-->src\main\AndroidManifest.xml:13:51-71
49        <meta-data
49-->src\main\AndroidManifest.xml:14:5-78
50            android:name="unity.launch-fullscreen"
50-->src\main\AndroidManifest.xml:14:16-54
51            android:value="True" />
51-->src\main\AndroidManifest.xml:14:55-75
52        <meta-data
52-->src\main\AndroidManifest.xml:15:5-84
53            android:name="unity.allow-resizable-window"
53-->src\main\AndroidManifest.xml:15:16-59
54            android:value="False" />
54-->src\main\AndroidManifest.xml:15:60-81
55        <meta-data
55-->src\main\AndroidManifest.xml:16:5-81
56            android:name="notch.config"
56-->src\main\AndroidManifest.xml:16:16-43
57            android:value="portrait|landscape" />
57-->src\main\AndroidManifest.xml:16:44-78
58    </application>
59
60</manifest>